<?xml version="1.0" encoding="UTF-8"?>
<testng-results skipped="0" failed="0" total="1" passed="1">
  <reporter-output>
  </reporter-output>
  <suite name="Suite" duration-ms="57263" started-at="2016-02-08T15:05:19Z" finished-at="2016-02-08T15:06:16Z">
    <groups>
    </groups>
    <test name="Test" duration-ms="57263" started-at="2016-02-08T15:05:19Z" finished-at="2016-02-08T15:06:16Z">
      <class name="test">
        <test-method status="PASS" signature="setup()[pri:0, instance:test@bb2f6e]" name="setup" is-config="true" duration-ms="42636" started-at="2016-02-08T20:35:19Z" finished-at="2016-02-08T20:36:01Z">
          <reporter-output>
          </reporter-output>
        </test-method> <!-- setup -->
        <test-method status="PASS" signature="testHomePage()[pri:0, instance:test@bb2f6e]" name="testHomePage" duration-ms="12910" started-at="2016-02-08T20:36:01Z" finished-at="2016-02-08T20:36:14Z">
          <reporter-output>
          </reporter-output>
        </test-method> <!-- testHomePage -->
        <test-method status="PASS" signature="tearDown()[pri:0, instance:test@bb2f6e]" name="tearDown" is-config="true" duration-ms="1716" started-at="2016-02-08T20:36:14Z" finished-at="2016-02-08T20:36:16Z">
          <reporter-output>
          </reporter-output>
        </test-method> <!-- tearDown -->
      </class> <!-- test -->
    </test> <!-- Test -->
  </suite> <!-- Suite -->
</testng-results>
